<?xml version="1.0" encoding="UTF-8"?>
<!-- Generated by org.testng.reporters.JUnitXMLReporter -->
<testsuite hostname="Laxminarayan-s-MacBook-Pro.local" ignored="1" name="FunctionalTest" tests="4" failures="0" timestamp="2019-08-26T01:38:12 IST" time="0.115" errors="0">
  <testcase name="@BeforeClass setUpClass" time="0.063" classname="ParallelTesting.TestNGParallelTests">
    <failure type="java.lang.IllegalStateException" message="The path to the driver executable must be set by the webdriver.chrome.driver system property; for more information, see https://github.com/SeleniumHQ/selenium/wiki/ChromeDriver. The latest version can be downloaded from http://chromedriver.storage.googleapis.com/index.html">
      <![CDATA[java.lang.IllegalStateException: The path to the driver executable must be set by the webdriver.chrome.driver system property; for more information, see https://github.com/SeleniumHQ/selenium/wiki/ChromeDriver. The latest version can be downloaded from http://chromedriver.storage.googleapis.com/index.html
at com.google.common.base.Preconditions.checkState(Preconditions.java:843)
at org.openqa.selenium.remote.service.DriverService.findExecutable(DriverService.java:135)
at org.openqa.selenium.chrome.ChromeDriverService.access$000(ChromeDriverService.java:35)
at org.openqa.selenium.chrome.ChromeDriverService$Builder.findDefaultExecutable(ChromeDriverService.java:177)
at org.openqa.selenium.remote.service.DriverService$Builder.build(DriverService.java:363)
at org.openqa.selenium.chrome.ChromeDriverService.createDefaultService(ChromeDriverService.java:100)
at org.openqa.selenium.chrome.ChromeDriver.<init>(ChromeDriver.java:105)
at ParallelTesting.TestNGParallelTests.setUpClass(TestNGParallelTests.java:24)
at java.util.ArrayList.forEach(ArrayList.java:1257)
at java.util.concurrent.FutureTask.run(FutureTask.java:266)
at java.util.concurrent.ThreadPoolExecutor.runWorker(ThreadPoolExecutor.java:1149)
at java.util.concurrent.ThreadPoolExecutor$Worker.run(ThreadPoolExecutor.java:624)
at java.lang.Thread.run(Thread.java:748)
... Removed 16 stack frames]]>
    </failure>
  </testcase> <!-- @BeforeClass setUpClass -->
  <testcase name="calcTest" time="0.0" classname="ParallelTesting.TestNGParallelTests">
    <skipped/>
  </testcase> <!-- calcTest -->
  <testcase name="searchTest" time="0.0" classname="ParallelTesting.TestNGParallelTests">
    <skipped/>
  </testcase> <!-- searchTest -->
  <testcase name="searchTest" time="0.0" classname="ParallelTesting.TestNGParallelTests">
    <skipped/>
  </testcase> <!-- searchTest -->
  <testcase name="calcTest" time="0.0" classname="ParallelTesting.TestNGParallelTests">
    <skipped/>
  </testcase> <!-- calcTest -->
  <testcase name="searchTest" time="0.0" classname="ParallelTesting.TestNGParallelTests">
    <ignored/>
  </testcase> <!-- searchTest -->
</testsuite> <!-- FunctionalTest -->
